HERest -A -D -T 1 -C ./input_files/config -I ./interim_files/aligned.mlf -t 250.0 150.0 3000.0 -S ./interim_files/train.scp -H ./interim_files/hmm8/macros -H ./interim_files/hmm8/hmmdefs -M ./interim_files/hmm9 ./interim_files/monophones1 

HTK Configuration Parameters[10]
  Module/Tool     Parameter                  Value
#                 NUMCEPS                       12
#                 CEPLIFTER                     22
#                 NUMCHANS                      26
#                 PREEMCOEF               0.970000
#                 USEHAMMING                  TRUE
#                 WINDOWSIZE         250000.000000
#                 SAVEWITHCRC                 TRUE
#                 SAVECOMPRESSED              TRUE
#                 TARGETRATE         100000.000000
#                 TARGETKIND          MFCC_0_D_N_Z

HERest  ML Updating: Transitions Means Variances 

 System is SHARED
46 Logical/46 Physical Models Loaded, VecSize=25
2 MMF input files
Pruning-On[250.0 150.0 3000.0]
 Processing Data: sample1.mfc; Label sample1.lab
 Utterance prob per frame = -6.100967e+01
 Processing Data: sample2.mfc; Label sample2.lab
 Utterance prob per frame = -6.299289e+01
 Processing Data: sample3.mfc; Label sample3.lab
 Utterance prob per frame = -6.253265e+01
 Processing Data: sample4.mfc; Label sample4.lab
 Utterance prob per frame = -5.849750e+01
 Processing Data: sample5.mfc; Label sample5.lab
 Utterance prob per frame = -5.975107e+01
 Processing Data: sample6.mfc; Label sample6.lab
 Utterance prob per frame = -6.110862e+01
 Processing Data: sample7.mfc; Label sample7.lab
 Utterance prob per frame = -6.293411e+01
 Processing Data: sample8.mfc; Label sample8.lab
 Utterance prob per frame = -6.292797e+01
 Processing Data: sample9.mfc; Label sample9.lab
 Utterance prob per frame = -5.791147e+01
 Processing Data: sample10.mfc; Label sample10.lab
 Utterance prob per frame = -5.580326e+01
 Processing Data: sample11.mfc; Label sample11.lab
 Utterance prob per frame = -5.519276e+01
 Processing Data: sample12.mfc; Label sample12.lab
 Utterance prob per frame = -5.530935e+01
 Processing Data: sample13.mfc; Label sample13.lab
 Utterance prob per frame = -5.559156e+01
 Processing Data: sample14.mfc; Label sample14.lab
 Utterance prob per frame = -5.626244e+01
 Processing Data: sample15.mfc; Label sample15.lab
 Utterance prob per frame = -5.644591e+01
 Processing Data: sample16.mfc; Label sample16.lab
 Utterance prob per frame = -5.494772e+01
 Processing Data: sample17.mfc; Label sample17.lab
 Utterance prob per frame = -5.516505e+01
 Processing Data: sample18.mfc; Label sample18.lab
 Utterance prob per frame = -5.555995e+01
 Processing Data: sample19.mfc; Label sample19.lab
 Utterance prob per frame = -5.456328e+01
 Processing Data: sample20.mfc; Label sample20.lab
 Utterance prob per frame = -5.870412e+01
 Processing Data: sample21.mfc; Label sample21.lab
 Utterance prob per frame = -5.849217e+01
 Processing Data: sample22.mfc; Label sample22.lab
 Utterance prob per frame = -5.962879e+01
 Processing Data: sample23.mfc; Label sample23.lab
 Utterance prob per frame = -5.795131e+01
 Processing Data: sample24.mfc; Label sample24.lab
 Utterance prob per frame = -5.838959e+01
 Processing Data: sample25.mfc; Label sample25.lab
 Utterance prob per frame = -5.717556e+01
 Processing Data: sample26.mfc; Label sample26.lab
 Utterance prob per frame = -5.756628e+01
 Processing Data: sample27.mfc; Label sample27.lab
 Utterance prob per frame = -5.753238e+01
 Processing Data: sample28.mfc; Label sample28.lab
 Utterance prob per frame = -5.560943e+01
 Processing Data: sample29.mfc; Label sample29.lab
 Utterance prob per frame = -5.640866e+01
 Processing Data: sample30.mfc; Label sample30.lab
 Utterance prob per frame = -5.532244e+01
 Processing Data: sample31.mfc; Label sample31.lab
 Utterance prob per frame = -5.533173e+01
 Processing Data: sample32.mfc; Label sample32.lab
 Utterance prob per frame = -5.766263e+01
 Processing Data: sample33.mfc; Label sample33.lab
 Utterance prob per frame = -5.898380e+01
 Processing Data: sample34.mfc; Label sample34.lab
 Utterance prob per frame = -5.745339e+01
 Processing Data: sample35.mfc; Label sample35.lab
 Utterance prob per frame = -5.725558e+01
 Processing Data: sample36.mfc; Label sample36.lab
 Utterance prob per frame = -5.497652e+01
 Processing Data: sample37.mfc; Label sample37.lab
 Utterance prob per frame = -5.723310e+01
 Processing Data: sample38.mfc; Label sample38.lab
 Utterance prob per frame = -5.958830e+01
 Processing Data: sample39.mfc; Label sample39.lab
 Utterance prob per frame = -5.567129e+01
 Processing Data: sample40.mfc; Label sample40.lab
 Utterance prob per frame = -5.793623e+01
 Processing Data: sample41.mfc; Label sample41.lab
 Utterance prob per frame = -6.030353e+01
 Processing Data: sample42.mfc; Label sample42.lab
 Utterance prob per frame = -6.628361e+01
 Processing Data: sample43.mfc; Label sample43.lab
 Utterance prob per frame = -6.140522e+01
 Processing Data: sample44.mfc; Label sample44.lab
 Utterance prob per frame = -6.155573e+01
 Processing Data: sample45.mfc; Label sample45.lab
 Utterance prob per frame = -6.208178e+01
 Processing Data: sample46.mfc; Label sample46.lab
 Utterance prob per frame = -6.316453e+01
 Processing Data: sample47.mfc; Label sample47.lab
 Utterance prob per frame = -6.355949e+01
 Processing Data: sample48.mfc; Label sample48.lab
 Utterance prob per frame = -5.977960e+01
 Processing Data: sample49.mfc; Label sample49.lab
 Utterance prob per frame = -6.264726e+01
 Processing Data: sample50.mfc; Label sample50.lab
 Utterance prob per frame = -5.532500e+01
 Processing Data: sample51.mfc; Label sample51.lab
 Utterance prob per frame = -6.144853e+01
 Processing Data: sample52.mfc; Label sample52.lab
 Utterance prob per frame = -6.123239e+01
 Processing Data: sample53.mfc; Label sample53.lab
 Utterance prob per frame = -6.494193e+01
 Processing Data: sample54.mfc; Label sample54.lab
 Utterance prob per frame = -6.706115e+01
 Processing Data: sample55.mfc; Label sample55.lab
 Utterance prob per frame = -6.496037e+01
 Processing Data: sample56.mfc; Label sample56.lab
 Utterance prob per frame = -7.293677e+01
 Processing Data: sample57.mfc; Label sample57.lab
 Utterance prob per frame = -6.096355e+01
 Processing Data: sample58.mfc; Label sample58.lab
 Utterance prob per frame = -6.494028e+01
 Processing Data: sample59.mfc; Label sample59.lab
 Utterance prob per frame = -6.393659e+01
Saving hmm's to dir ./interim_files/hmm9
Reestimation complete - average log prob per frame = -5.751551e+01
     - total frames seen          = 2.150900e+04

HTK Configuration Parameters[10]
  Module/Tool     Parameter                  Value
                  NUMCEPS                       12
                  CEPLIFTER                     22
                  NUMCHANS                      26
                  PREEMCOEF               0.970000
                  USEHAMMING                  TRUE
                  WINDOWSIZE         250000.000000
                  SAVEWITHCRC                 TRUE
                  SAVECOMPRESSED              TRUE
                  TARGETRATE         100000.000000
                  TARGETKIND          MFCC_0_D_N_Z

