HERest -A -D -T 1 -T 1 -C ./input_files/config -I ./interim_files/wintri.mlf -t 250.0 150.0 3000.0 -s ./interim_files/stats -S ./interim_files/train.scp -H ./interim_files/hmm13/macros -H ./interim_files/hmm13/hmmdefs -M ./interim_files/hmm14 ./interim_files/tiedlist 

HTK Configuration Parameters[10]
  Module/Tool     Parameter                  Value
#                 NUMCEPS                       12
#                 CEPLIFTER                     22
#                 NUMCHANS                      26
#                 PREEMCOEF               0.970000
#                 USEHAMMING                  TRUE
#                 WINDOWSIZE         250000.000000
#                 SAVEWITHCRC                 TRUE
#                 SAVECOMPRESSED              TRUE
#                 TARGETRATE         100000.000000
#                 TARGETKIND          MFCC_0_D_N_Z

HERest  ML Updating: Transitions Means Variances 

 System is SHARED
24452 Logical/49 Physical Models Loaded, VecSize=25
2 MMF input files
Pruning-On[250.0 150.0 3000.0]
 Processing Data: sample1.mfc; Label sample1.lab
 Utterance prob per frame = -6.057044e+01
 Processing Data: sample2.mfc; Label sample2.lab
 Utterance prob per frame = -6.312270e+01
 Processing Data: sample3.mfc; Label sample3.lab
 Utterance prob per frame = -6.256030e+01
 Processing Data: sample4.mfc; Label sample4.lab
 Utterance prob per frame = -5.846406e+01
 Processing Data: sample5.mfc; Label sample5.lab
 Utterance prob per frame = -5.919387e+01
 Processing Data: sample6.mfc; Label sample6.lab
 Utterance prob per frame = -6.076014e+01
 Processing Data: sample7.mfc; Label sample7.lab
 Utterance prob per frame = -6.216747e+01
 Processing Data: sample8.mfc; Label sample8.lab
 Utterance prob per frame = -6.258197e+01
 Processing Data: sample9.mfc; Label sample9.lab
 Utterance prob per frame = -5.750196e+01
 Processing Data: sample10.mfc; Label sample10.lab
 Utterance prob per frame = -5.472102e+01
 Processing Data: sample11.mfc; Label sample11.lab
 Utterance prob per frame = -5.477301e+01
 Processing Data: sample12.mfc; Label sample12.lab
 Utterance prob per frame = -5.532127e+01
 Processing Data: sample13.mfc; Label sample13.lab
 Utterance prob per frame = -5.591223e+01
 Processing Data: sample14.mfc; Label sample14.lab
 Utterance prob per frame = -5.659127e+01
 Processing Data: sample15.mfc; Label sample15.lab
 Utterance prob per frame = -5.647680e+01
 Processing Data: sample16.mfc; Label sample16.lab
 Utterance prob per frame = -5.506877e+01
 Processing Data: sample17.mfc; Label sample17.lab
 Utterance prob per frame = -5.574328e+01
 Processing Data: sample18.mfc; Label sample18.lab
 Utterance prob per frame = -5.476708e+01
 Processing Data: sample19.mfc; Label sample19.lab
 Utterance prob per frame = -5.429607e+01
 Processing Data: sample20.mfc; Label sample20.lab
 Utterance prob per frame = -5.905672e+01
 Processing Data: sample21.mfc; Label sample21.lab
 Utterance prob per frame = -5.813569e+01
 Processing Data: sample22.mfc; Label sample22.lab
 Utterance prob per frame = -6.000539e+01
 Processing Data: sample23.mfc; Label sample23.lab
 Utterance prob per frame = -5.747162e+01
 Processing Data: sample24.mfc; Label sample24.lab
 Utterance prob per frame = -5.801899e+01
 Processing Data: sample25.mfc; Label sample25.lab
 Utterance prob per frame = -5.664521e+01
 Processing Data: sample26.mfc; Label sample26.lab
 Utterance prob per frame = -5.757918e+01
 Processing Data: sample27.mfc; Label sample27.lab
 Utterance prob per frame = -5.782574e+01
 Processing Data: sample28.mfc; Label sample28.lab
 Utterance prob per frame = -5.577694e+01
 Processing Data: sample29.mfc; Label sample29.lab
 Utterance prob per frame = -5.596000e+01
 Processing Data: sample30.mfc; Label sample30.lab
 Utterance prob per frame = -5.601884e+01
 Processing Data: sample31.mfc; Label sample31.lab
 Utterance prob per frame = -5.507247e+01
 Processing Data: sample32.mfc; Label sample32.lab
 Utterance prob per frame = -5.787475e+01
 Processing Data: sample33.mfc; Label sample33.lab
 Utterance prob per frame = -5.918023e+01
 Processing Data: sample34.mfc; Label sample34.lab
 Utterance prob per frame = -5.734279e+01
 Processing Data: sample35.mfc; Label sample35.lab
 Utterance prob per frame = -5.737452e+01
 Processing Data: sample36.mfc; Label sample36.lab
 Utterance prob per frame = -5.462690e+01
 Processing Data: sample37.mfc; Label sample37.lab
 Utterance prob per frame = -5.695859e+01
 Processing Data: sample38.mfc; Label sample38.lab
 Utterance prob per frame = -5.977025e+01
 Processing Data: sample39.mfc; Label sample39.lab
 Utterance prob per frame = -5.546406e+01
 Processing Data: sample40.mfc; Label sample40.lab
 Utterance prob per frame = -5.803253e+01
 Processing Data: sample41.mfc; Label sample41.lab
 Utterance prob per frame = -5.940419e+01
 Processing Data: sample42.mfc; Label sample42.lab
 Utterance prob per frame = -6.602792e+01
 Processing Data: sample43.mfc; Label sample43.lab
 Utterance prob per frame = -5.985894e+01
 Processing Data: sample44.mfc; Label sample44.lab
 Utterance prob per frame = -6.071302e+01
 Processing Data: sample45.mfc; Label sample45.lab
 Utterance prob per frame = -6.152436e+01
 Processing Data: sample46.mfc; Label sample46.lab
 Utterance prob per frame = -6.290204e+01
 Processing Data: sample47.mfc; Label sample47.lab
 Utterance prob per frame = -6.272057e+01
 Processing Data: sample48.mfc; Label sample48.lab
 Utterance prob per frame = -5.966118e+01
 Processing Data: sample49.mfc; Label sample49.lab
 Utterance prob per frame = -6.259668e+01
 Processing Data: sample50.mfc; Label sample50.lab
 Utterance prob per frame = -5.510361e+01
 Processing Data: sample51.mfc; Label sample51.lab
 Utterance prob per frame = -6.093863e+01
 Processing Data: sample52.mfc; Label sample52.lab
 Utterance prob per frame = -6.103743e+01
 Processing Data: sample53.mfc; Label sample53.lab
 Utterance prob per frame = -6.424818e+01
 Processing Data: sample54.mfc; Label sample54.lab
 Utterance prob per frame = -6.626877e+01
 Processing Data: sample55.mfc; Label sample55.lab
 Utterance prob per frame = -6.492246e+01
 Processing Data: sample56.mfc; Label sample56.lab
 Utterance prob per frame = -7.291656e+01
 Processing Data: sample57.mfc; Label sample57.lab
 Utterance prob per frame = -6.057623e+01
 Processing Data: sample58.mfc; Label sample58.lab
 Utterance prob per frame = -6.410869e+01
 Processing Data: sample59.mfc; Label sample59.lab
 Utterance prob per frame = -6.304071e+01
Saving hmm's to dir ./interim_files/hmm14
Reestimation complete - average log prob per frame = -5.740394e+01
     - total frames seen          = 2.150900e+04

HTK Configuration Parameters[10]
  Module/Tool     Parameter                  Value
                  NUMCEPS                       12
                  CEPLIFTER                     22
                  NUMCHANS                      26
                  PREEMCOEF               0.970000
                  USEHAMMING                  TRUE
                  WINDOWSIZE         250000.000000
                  SAVEWITHCRC                 TRUE
                  SAVECOMPRESSED              TRUE
                  TARGETRATE         100000.000000
                  TARGETKIND          MFCC_0_D_N_Z

