HERest -A -D -T 1 -C ./input_files/config -I ./interim_files/phones0.mlf -t 250.0 150.0 1000.0 -S ./interim_files/train.scp -H ./interim_files/hmm1/macros -H ./interim_files/hmm1/hmmdefs -M ./interim_files/hmm2 ./interim_files/monophones0 

HTK Configuration Parameters[10]
  Module/Tool     Parameter                  Value
#                 NUMCEPS                       12
#                 CEPLIFTER                     22
#                 NUMCHANS                      26
#                 PREEMCOEF               0.970000
#                 USEHAMMING                  TRUE
#                 WINDOWSIZE         250000.000000
#                 SAVEWITHCRC                 TRUE
#                 SAVECOMPRESSED              TRUE
#                 TARGETRATE         100000.000000
#                 TARGETKIND          MFCC_0_D_N_Z

HERest  ML Updating: Transitions Means Variances 

 System is PLAIN
45 Logical/45 Physical Models Loaded, VecSize=25
2 MMF input files
Pruning-On[250.0 150.0 1000.0]
 Processing Data: sample1.mfc; Label sample1.lab
 Utterance prob per frame = -6.399626e+01
 Processing Data: sample2.mfc; Label sample2.lab
 Utterance prob per frame = -6.463473e+01
 Processing Data: sample3.mfc; Label sample3.lab
 Utterance prob per frame = -6.364362e+01
 Processing Data: sample4.mfc; Label sample4.lab
 Utterance prob per frame = -6.060179e+01
 Processing Data: sample5.mfc; Label sample5.lab
 Utterance prob per frame = -6.118392e+01
 Processing Data: sample6.mfc; Label sample6.lab
 Utterance prob per frame = -6.433284e+01
 Processing Data: sample7.mfc; Label sample7.lab
 Utterance prob per frame = -6.610017e+01
 Processing Data: sample8.mfc; Label sample8.lab
 Utterance prob per frame = -6.296040e+01
 Processing Data: sample9.mfc; Label sample9.lab
 Utterance prob per frame = -6.235448e+01
 Processing Data: sample10.mfc; Label sample10.lab
 Utterance prob per frame = -6.303256e+01
 Processing Data: sample11.mfc; Label sample11.lab
 Utterance prob per frame = -6.046152e+01
 Processing Data: sample12.mfc; Label sample12.lab
 Utterance prob per frame = -6.191525e+01
 Processing Data: sample13.mfc; Label sample13.lab
 Utterance prob per frame = -6.209915e+01
 Processing Data: sample14.mfc; Label sample14.lab
 Utterance prob per frame = -6.236462e+01
 Processing Data: sample15.mfc; Label sample15.lab
 Utterance prob per frame = -6.178026e+01
 Processing Data: sample16.mfc; Label sample16.lab
 Utterance prob per frame = -6.118386e+01
 Processing Data: sample17.mfc; Label sample17.lab
 Utterance prob per frame = -6.170135e+01
 Processing Data: sample18.mfc; Label sample18.lab
 Utterance prob per frame = -6.171458e+01
 Processing Data: sample19.mfc; Label sample19.lab
 Utterance prob per frame = -6.060345e+01
 Processing Data: sample20.mfc; Label sample20.lab
 Utterance prob per frame = -6.362507e+01
 Processing Data: sample21.mfc; Label sample21.lab
 Utterance prob per frame = -6.378757e+01
 Processing Data: sample22.mfc; Label sample22.lab
 Utterance prob per frame = -6.487529e+01
 Processing Data: sample23.mfc; Label sample23.lab
 Utterance prob per frame = -6.397782e+01
 Processing Data: sample24.mfc; Label sample24.lab
 Utterance prob per frame = -6.446783e+01
 Processing Data: sample25.mfc; Label sample25.lab
 Utterance prob per frame = -6.367835e+01
 Processing Data: sample26.mfc; Label sample26.lab
 Utterance prob per frame = -6.298920e+01
 Processing Data: sample27.mfc; Label sample27.lab
 Utterance prob per frame = -6.382118e+01
 Processing Data: sample28.mfc; Label sample28.lab
 Utterance prob per frame = -6.116262e+01
 Processing Data: sample29.mfc; Label sample29.lab
 Utterance prob per frame = -6.189384e+01
 Processing Data: sample30.mfc; Label sample30.lab
 Utterance prob per frame = -6.243127e+01
 Processing Data: sample31.mfc; Label sample31.lab
 Utterance prob per frame = -6.135206e+01
 Processing Data: sample32.mfc; Label sample32.lab
 Utterance prob per frame = -6.240761e+01
 Processing Data: sample33.mfc; Label sample33.lab
 Utterance prob per frame = -6.275252e+01
 Processing Data: sample34.mfc; Label sample34.lab
 Utterance prob per frame = -6.121674e+01
 Processing Data: sample35.mfc; Label sample35.lab
 Utterance prob per frame = -6.210817e+01
 Processing Data: sample36.mfc; Label sample36.lab
 Utterance prob per frame = -6.091922e+01
 Processing Data: sample37.mfc; Label sample37.lab
 Utterance prob per frame = -6.252848e+01
 Processing Data: sample38.mfc; Label sample38.lab
 Utterance prob per frame = -6.380497e+01
 Processing Data: sample39.mfc; Label sample39.lab
 Utterance prob per frame = -6.137877e+01
 Processing Data: sample40.mfc; Label sample40.lab
 Utterance prob per frame = -6.247865e+01
 Processing Data: sample41.mfc; Label sample41.lab
 Utterance prob per frame = -6.114913e+01
 Processing Data: sample42.mfc; Label sample42.lab
 Utterance prob per frame = -6.684461e+01
 Processing Data: sample43.mfc; Label sample43.lab
 Utterance prob per frame = -6.345714e+01
 Processing Data: sample44.mfc; Label sample44.lab
 Utterance prob per frame = -6.322385e+01
 Processing Data: sample45.mfc; Label sample45.lab
 Utterance prob per frame = -6.378351e+01
 Processing Data: sample46.mfc; Label sample46.lab
 Utterance prob per frame = -6.572648e+01
 Processing Data: sample47.mfc; Label sample47.lab
 Utterance prob per frame = -6.586332e+01
 Processing Data: sample48.mfc; Label sample48.lab
 Utterance prob per frame = -6.118910e+01
 Processing Data: sample49.mfc; Label sample49.lab
 Utterance prob per frame = -6.357845e+01
 Processing Data: sample50.mfc; Label sample50.lab
 Utterance prob per frame = -5.840926e+01
 Processing Data: sample51.mfc; Label sample51.lab
 Utterance prob per frame = -6.376405e+01
 Processing Data: sample52.mfc; Label sample52.lab
 Utterance prob per frame = -6.466626e+01
 Processing Data: sample53.mfc; Label sample53.lab
 Utterance prob per frame = -6.751910e+01
 Processing Data: sample54.mfc; Label sample54.lab
 Utterance prob per frame = -6.918419e+01
 Processing Data: sample55.mfc; Label sample55.lab
 Utterance prob per frame = -6.585963e+01
 Processing Data: sample56.mfc; Label sample56.lab
 Utterance prob per frame = -7.158064e+01
 Processing Data: sample57.mfc; Label sample57.lab
 Utterance prob per frame = -6.241323e+01
 Processing Data: sample58.mfc; Label sample58.lab
 Utterance prob per frame = -6.556801e+01
 Processing Data: sample59.mfc; Label sample59.lab
 Utterance prob per frame = -6.123639e+01
Saving hmm's to dir ./interim_files/hmm2
Reestimation complete - average log prob per frame = -6.252420e+01
     - total frames seen          = 2.150900e+04

HTK Configuration Parameters[10]
  Module/Tool     Parameter                  Value
                  NUMCEPS                       12
                  CEPLIFTER                     22
                  NUMCHANS                      26
                  PREEMCOEF               0.970000
                  USEHAMMING                  TRUE
                  WINDOWSIZE         250000.000000
                  SAVEWITHCRC                 TRUE
                  SAVECOMPRESSED              TRUE
                  TARGETRATE         100000.000000
                  TARGETKIND          MFCC_0_D_N_Z

