HERest -A -D -T 1 -C ./input_files/config -I ./interim_files/phones0.mlf -t 250.0 150.0 1000.0 -S ./interim_files/train.scp -H ./interim_files/hmm2/macros -H ./interim_files/hmm2/hmmdefs -M ./interim_files/hmm3 ./interim_files/monophones0 

HTK Configuration Parameters[10]
  Module/Tool     Parameter                  Value
#                 NUMCEPS                       12
#                 CEPLIFTER                     22
#                 NUMCHANS                      26
#                 PREEMCOEF               0.970000
#                 USEHAMMING                  TRUE
#                 WINDOWSIZE         250000.000000
#                 SAVEWITHCRC                 TRUE
#                 SAVECOMPRESSED              TRUE
#                 TARGETRATE         100000.000000
#                 TARGETKIND          MFCC_0_D_N_Z

HERest  ML Updating: Transitions Means Variances 

 System is PLAIN
45 Logical/45 Physical Models Loaded, VecSize=25
2 MMF input files
Pruning-On[250.0 150.0 1000.0]
 Processing Data: sample1.mfc; Label sample1.lab
 Utterance prob per frame = -6.190125e+01
 Processing Data: sample2.mfc; Label sample2.lab
 Utterance prob per frame = -6.334531e+01
 Processing Data: sample3.mfc; Label sample3.lab
 Utterance prob per frame = -6.296902e+01
 Processing Data: sample4.mfc; Label sample4.lab
 Utterance prob per frame = -5.894607e+01
 Processing Data: sample5.mfc; Label sample5.lab
 Utterance prob per frame = -6.002533e+01
 Processing Data: sample6.mfc; Label sample6.lab
 Utterance prob per frame = -6.141623e+01
 Processing Data: sample7.mfc; Label sample7.lab
 Utterance prob per frame = -6.426273e+01
 Processing Data: sample8.mfc; Label sample8.lab
 Utterance prob per frame = -6.244489e+01
 Processing Data: sample9.mfc; Label sample9.lab
 Utterance prob per frame = -5.901908e+01
 Processing Data: sample10.mfc; Label sample10.lab
 Utterance prob per frame = -5.938122e+01
 Processing Data: sample11.mfc; Label sample11.lab
 Utterance prob per frame = -5.661343e+01
 Processing Data: sample12.mfc; Label sample12.lab
 Utterance prob per frame = -5.832976e+01
 Processing Data: sample13.mfc; Label sample13.lab
 Utterance prob per frame = -5.847003e+01
 Processing Data: sample14.mfc; Label sample14.lab
 Utterance prob per frame = -5.828925e+01
 Processing Data: sample15.mfc; Label sample15.lab
 Utterance prob per frame = -5.885033e+01
 Processing Data: sample16.mfc; Label sample16.lab
 Utterance prob per frame = -5.667731e+01
 Processing Data: sample17.mfc; Label sample17.lab
 Utterance prob per frame = -5.821966e+01
 Processing Data: sample18.mfc; Label sample18.lab
 Utterance prob per frame = -5.788056e+01
 Processing Data: sample19.mfc; Label sample19.lab
 Utterance prob per frame = -5.679415e+01
 Processing Data: sample20.mfc; Label sample20.lab
 Utterance prob per frame = -6.050790e+01
 Processing Data: sample21.mfc; Label sample21.lab
 Utterance prob per frame = -6.028911e+01
 Processing Data: sample22.mfc; Label sample22.lab
 Utterance prob per frame = -6.181681e+01
 Processing Data: sample23.mfc; Label sample23.lab
 Utterance prob per frame = -6.021198e+01
 Processing Data: sample24.mfc; Label sample24.lab
 Utterance prob per frame = -6.092494e+01
 Processing Data: sample25.mfc; Label sample25.lab
 Utterance prob per frame = -5.954310e+01
 Processing Data: sample26.mfc; Label sample26.lab
 Utterance prob per frame = -6.065888e+01
 Processing Data: sample27.mfc; Label sample27.lab
 Utterance prob per frame = -5.945206e+01
 Processing Data: sample28.mfc; Label sample28.lab
 Utterance prob per frame = -5.765414e+01
 Processing Data: sample29.mfc; Label sample29.lab
 Utterance prob per frame = -5.885844e+01
 Processing Data: sample30.mfc; Label sample30.lab
 Utterance prob per frame = -5.839213e+01
 Processing Data: sample31.mfc; Label sample31.lab
 Utterance prob per frame = -5.736684e+01
 Processing Data: sample32.mfc; Label sample32.lab
 Utterance prob per frame = -5.946838e+01
 Processing Data: sample33.mfc; Label sample33.lab
 Utterance prob per frame = -6.017139e+01
 Processing Data: sample34.mfc; Label sample34.lab
 Utterance prob per frame = -5.879806e+01
 Processing Data: sample35.mfc; Label sample35.lab
 Utterance prob per frame = -5.884949e+01
 Processing Data: sample36.mfc; Label sample36.lab
 Utterance prob per frame = -5.709454e+01
 Processing Data: sample37.mfc; Label sample37.lab
 Utterance prob per frame = -5.896378e+01
 Processing Data: sample38.mfc; Label sample38.lab
 Utterance prob per frame = -6.076680e+01
 Processing Data: sample39.mfc; Label sample39.lab
 Utterance prob per frame = -5.784392e+01
 Processing Data: sample40.mfc; Label sample40.lab
 Utterance prob per frame = -5.949433e+01
 Processing Data: sample41.mfc; Label sample41.lab
 Utterance prob per frame = -6.097550e+01
 Processing Data: sample42.mfc; Label sample42.lab
 Utterance prob per frame = -6.605077e+01
 Processing Data: sample43.mfc; Label sample43.lab
 Utterance prob per frame = -6.235453e+01
 Processing Data: sample44.mfc; Label sample44.lab
 Utterance prob per frame = -6.183807e+01
 Processing Data: sample45.mfc; Label sample45.lab
 Utterance prob per frame = -6.272622e+01
 Processing Data: sample46.mfc; Label sample46.lab
 Utterance prob per frame = -6.335704e+01
 Processing Data: sample47.mfc; Label sample47.lab
 Utterance prob per frame = -6.385234e+01
 Processing Data: sample48.mfc; Label sample48.lab
 Utterance prob per frame = -6.064249e+01
 Processing Data: sample49.mfc; Label sample49.lab
 Utterance prob per frame = -6.211909e+01
 Processing Data: sample50.mfc; Label sample50.lab
 Utterance prob per frame = -5.655662e+01
 Processing Data: sample51.mfc; Label sample51.lab
 Utterance prob per frame = -6.187470e+01
 Processing Data: sample52.mfc; Label sample52.lab
 Utterance prob per frame = -6.195126e+01
 Processing Data: sample53.mfc; Label sample53.lab
 Utterance prob per frame = -6.516445e+01
 Processing Data: sample54.mfc; Label sample54.lab
 Utterance prob per frame = -6.746586e+01
 Processing Data: sample55.mfc; Label sample55.lab
 Utterance prob per frame = -6.515806e+01
 Processing Data: sample56.mfc; Label sample56.lab
 Utterance prob per frame = -7.218239e+01
 Processing Data: sample57.mfc; Label sample57.lab
 Utterance prob per frame = -6.138239e+01
 Processing Data: sample58.mfc; Label sample58.lab
 Utterance prob per frame = -6.425332e+01
 Processing Data: sample59.mfc; Label sample59.lab
 Utterance prob per frame = -6.261800e+01
Saving hmm's to dir ./interim_files/hmm3
Reestimation complete - average log prob per frame = -5.936466e+01
     - total frames seen          = 2.150900e+04

HTK Configuration Parameters[10]
  Module/Tool     Parameter                  Value
                  NUMCEPS                       12
                  CEPLIFTER                     22
                  NUMCHANS                      26
                  PREEMCOEF               0.970000
                  USEHAMMING                  TRUE
                  WINDOWSIZE         250000.000000
                  SAVEWITHCRC                 TRUE
                  SAVECOMPRESSED              TRUE
                  TARGETRATE         100000.000000
                  TARGETKIND          MFCC_0_D_N_Z

