HERest -A -D -T 1 -T 1 -C ./input_files/config -I ./interim_files/wintri.mlf -t 250.0 150.0 3000.0 -s ./interim_files/stats -S ./interim_files/train.scp -H ./interim_files/hmm14/macros -H ./interim_files/hmm14/hmmdefs -M ./interim_files/hmm15 ./interim_files/tiedlist 

HTK Configuration Parameters[10]
  Module/Tool     Parameter                  Value
#                 NUMCEPS                       12
#                 CEPLIFTER                     22
#                 NUMCHANS                      26
#                 PREEMCOEF               0.970000
#                 USEHAMMING                  TRUE
#                 WINDOWSIZE         250000.000000
#                 SAVEWITHCRC                 TRUE
#                 SAVECOMPRESSED              TRUE
#                 TARGETRATE         100000.000000
#                 TARGETKIND          MFCC_0_D_N_Z

HERest  ML Updating: Transitions Means Variances 

 System is SHARED
24452 Logical/49 Physical Models Loaded, VecSize=25
2 MMF input files
Pruning-On[250.0 150.0 3000.0]
 Processing Data: sample1.mfc; Label sample1.lab
 Utterance prob per frame = -6.085576e+01
 Processing Data: sample2.mfc; Label sample2.lab
 Utterance prob per frame = -6.304059e+01
 Processing Data: sample3.mfc; Label sample3.lab
 Utterance prob per frame = -6.259567e+01
 Processing Data: sample4.mfc; Label sample4.lab
 Utterance prob per frame = -5.845812e+01
 Processing Data: sample5.mfc; Label sample5.lab
 Utterance prob per frame = -5.917584e+01
 Processing Data: sample6.mfc; Label sample6.lab
 Utterance prob per frame = -6.081790e+01
 Processing Data: sample7.mfc; Label sample7.lab
 Utterance prob per frame = -6.249648e+01
 Processing Data: sample8.mfc; Label sample8.lab
 Utterance prob per frame = -6.258752e+01
 Processing Data: sample9.mfc; Label sample9.lab
 Utterance prob per frame = -5.782530e+01
 Processing Data: sample10.mfc; Label sample10.lab
 Utterance prob per frame = -5.481660e+01
 Processing Data: sample11.mfc; Label sample11.lab
 Utterance prob per frame = -5.452330e+01
 Processing Data: sample12.mfc; Label sample12.lab
 Utterance prob per frame = -5.505008e+01
 Processing Data: sample13.mfc; Label sample13.lab
 Utterance prob per frame = -5.552614e+01
 Processing Data: sample14.mfc; Label sample14.lab
 Utterance prob per frame = -5.642941e+01
 Processing Data: sample15.mfc; Label sample15.lab
 Utterance prob per frame = -5.611522e+01
 Processing Data: sample16.mfc; Label sample16.lab
 Utterance prob per frame = -5.490080e+01
 Processing Data: sample17.mfc; Label sample17.lab
 Utterance prob per frame = -5.511372e+01
 Processing Data: sample18.mfc; Label sample18.lab
 Utterance prob per frame = -5.471022e+01
 Processing Data: sample19.mfc; Label sample19.lab
 Utterance prob per frame = -5.407800e+01
 Processing Data: sample20.mfc; Label sample20.lab
 Utterance prob per frame = -5.839450e+01
 Processing Data: sample21.mfc; Label sample21.lab
 Utterance prob per frame = -5.763735e+01
 Processing Data: sample22.mfc; Label sample22.lab
 Utterance prob per frame = -5.962193e+01
 Processing Data: sample23.mfc; Label sample23.lab
 Utterance prob per frame = -5.754355e+01
 Processing Data: sample24.mfc; Label sample24.lab
 Utterance prob per frame = -5.793846e+01
 Processing Data: sample25.mfc; Label sample25.lab
 Utterance prob per frame = -5.669981e+01
 Processing Data: sample26.mfc; Label sample26.lab
 Utterance prob per frame = -5.740705e+01
 Processing Data: sample27.mfc; Label sample27.lab
 Utterance prob per frame = -5.731367e+01
 Processing Data: sample28.mfc; Label sample28.lab
 Utterance prob per frame = -5.565160e+01
 Processing Data: sample29.mfc; Label sample29.lab
 Utterance prob per frame = -5.585311e+01
 Processing Data: sample30.mfc; Label sample30.lab
 Utterance prob per frame = -5.547371e+01
 Processing Data: sample31.mfc; Label sample31.lab
 Utterance prob per frame = -5.526006e+01
 Processing Data: sample32.mfc; Label sample32.lab
 Utterance prob per frame = -5.741594e+01
 Processing Data: sample33.mfc; Label sample33.lab
 Utterance prob per frame = -5.868037e+01
 Processing Data: sample34.mfc; Label sample34.lab
 Utterance prob per frame = -5.693740e+01
 Processing Data: sample35.mfc; Label sample35.lab
 Utterance prob per frame = -5.692113e+01
 Processing Data: sample36.mfc; Label sample36.lab
 Utterance prob per frame = -5.471649e+01
 Processing Data: sample37.mfc; Label sample37.lab
 Utterance prob per frame = -5.682904e+01
 Processing Data: sample38.mfc; Label sample38.lab
 Utterance prob per frame = -5.928252e+01
 Processing Data: sample39.mfc; Label sample39.lab
 Utterance prob per frame = -5.548222e+01
 Processing Data: sample40.mfc; Label sample40.lab
 Utterance prob per frame = -5.784819e+01
 Processing Data: sample41.mfc; Label sample41.lab
 Utterance prob per frame = -5.961331e+01
 Processing Data: sample42.mfc; Label sample42.lab
 Utterance prob per frame = -6.598781e+01
 Processing Data: sample43.mfc; Label sample43.lab
 Utterance prob per frame = -5.989389e+01
 Processing Data: sample44.mfc; Label sample44.lab
 Utterance prob per frame = -6.087235e+01
 Processing Data: sample45.mfc; Label sample45.lab
 Utterance prob per frame = -6.171040e+01
 Processing Data: sample46.mfc; Label sample46.lab
 Utterance prob per frame = -6.315298e+01
 Processing Data: sample47.mfc; Label sample47.lab
 Utterance prob per frame = -6.315289e+01
 Processing Data: sample48.mfc; Label sample48.lab
 Utterance prob per frame = -5.981102e+01
 Processing Data: sample49.mfc; Label sample49.lab
 Utterance prob per frame = -6.253721e+01
 Processing Data: sample50.mfc; Label sample50.lab
 Utterance prob per frame = -5.503997e+01
 Processing Data: sample51.mfc; Label sample51.lab
 Utterance prob per frame = -6.099187e+01
 Processing Data: sample52.mfc; Label sample52.lab
 Utterance prob per frame = -6.106537e+01
 Processing Data: sample53.mfc; Label sample53.lab
 Utterance prob per frame = -6.464204e+01
 Processing Data: sample54.mfc; Label sample54.lab
 Utterance prob per frame = -6.671292e+01
 Processing Data: sample55.mfc; Label sample55.lab
 Utterance prob per frame = -6.480981e+01
 Processing Data: sample56.mfc; Label sample56.lab
 Utterance prob per frame = -7.261445e+01
 Processing Data: sample57.mfc; Label sample57.lab
 Utterance prob per frame = -6.061837e+01
 Processing Data: sample58.mfc; Label sample58.lab
 Utterance prob per frame = -6.424577e+01
 Processing Data: sample59.mfc; Label sample59.lab
 Utterance prob per frame = -6.336469e+01
Saving hmm's to dir ./interim_files/hmm15
Reestimation complete - average log prob per frame = -5.720943e+01
     - total frames seen          = 2.150900e+04

HTK Configuration Parameters[10]
  Module/Tool     Parameter                  Value
                  NUMCEPS                       12
                  CEPLIFTER                     22
                  NUMCHANS                      26
                  PREEMCOEF               0.970000
                  USEHAMMING                  TRUE
                  WINDOWSIZE         250000.000000
                  SAVEWITHCRC                 TRUE
                  SAVECOMPRESSED              TRUE
                  TARGETRATE         100000.000000
                  TARGETKIND          MFCC_0_D_N_Z

