HERest -A -D -T 1 -C ./input_files/config -I ./interim_files/phones1.mlf -t 250.0 150.0 3000.0 -S ./interim_files/train.scp -H ./interim_files/hmm5/macros -H ./interim_files/hmm5/hmmdefs -M ./interim_files/hmm6 ./interim_files/monophones1 

HTK Configuration Parameters[10]
  Module/Tool     Parameter                  Value
#                 NUMCEPS                       12
#                 CEPLIFTER                     22
#                 NUMCHANS                      26
#                 PREEMCOEF               0.970000
#                 USEHAMMING                  TRUE
#                 WINDOWSIZE         250000.000000
#                 SAVEWITHCRC                 TRUE
#                 SAVECOMPRESSED              TRUE
#                 TARGETRATE         100000.000000
#                 TARGETKIND          MFCC_0_D_N_Z

HERest  ML Updating: Transitions Means Variances 

 System is SHARED
46 Logical/46 Physical Models Loaded, VecSize=25
2 MMF input files
Pruning-On[250.0 150.0 3000.0]
 Processing Data: sample1.mfc; Label sample1.lab
 Utterance prob per frame = -6.105241e+01
 Processing Data: sample2.mfc; Label sample2.lab
 Utterance prob per frame = -6.311841e+01
 Processing Data: sample3.mfc; Label sample3.lab
 Utterance prob per frame = -6.223402e+01
 Processing Data: sample4.mfc; Label sample4.lab
 Utterance prob per frame = -5.847320e+01
 Processing Data: sample5.mfc; Label sample5.lab
 Utterance prob per frame = -5.980300e+01
 Processing Data: sample6.mfc; Label sample6.lab
 Utterance prob per frame = -6.089270e+01
 Processing Data: sample7.mfc; Label sample7.lab
 Utterance prob per frame = -6.288475e+01
 Processing Data: sample8.mfc; Label sample8.lab
 Utterance prob per frame = -6.228821e+01
 Processing Data: sample9.mfc; Label sample9.lab
 Utterance prob per frame = -5.816723e+01
 Processing Data: sample10.mfc; Label sample10.lab
 Utterance prob per frame = -5.699589e+01
 Processing Data: sample11.mfc; Label sample11.lab
 Utterance prob per frame = -5.566940e+01
 Processing Data: sample12.mfc; Label sample12.lab
 Utterance prob per frame = -5.647650e+01
 Processing Data: sample13.mfc; Label sample13.lab
 Utterance prob per frame = -5.672871e+01
 Processing Data: sample14.mfc; Label sample14.lab
 Utterance prob per frame = -5.687711e+01
 Processing Data: sample15.mfc; Label sample15.lab
 Utterance prob per frame = -5.721071e+01
 Processing Data: sample16.mfc; Label sample16.lab
 Utterance prob per frame = -5.572089e+01
 Processing Data: sample17.mfc; Label sample17.lab
 Utterance prob per frame = -5.624292e+01
 Processing Data: sample18.mfc; Label sample18.lab
 Utterance prob per frame = -5.615384e+01
 Processing Data: sample19.mfc; Label sample19.lab
 Utterance prob per frame = -5.523531e+01
 Processing Data: sample20.mfc; Label sample20.lab
 Utterance prob per frame = -5.954882e+01
 Processing Data: sample21.mfc; Label sample21.lab
 Utterance prob per frame = -5.915334e+01
 Processing Data: sample22.mfc; Label sample22.lab
 Utterance prob per frame = -6.037787e+01
 Processing Data: sample23.mfc; Label sample23.lab
 Utterance prob per frame = -5.852890e+01
 Processing Data: sample24.mfc; Label sample24.lab
 Utterance prob per frame = -5.908501e+01
 Processing Data: sample25.mfc; Label sample25.lab
 Utterance prob per frame = -5.782791e+01
 Processing Data: sample26.mfc; Label sample26.lab
 Utterance prob per frame = -5.881183e+01
 Processing Data: sample27.mfc; Label sample27.lab
 Utterance prob per frame = -5.811694e+01
 Processing Data: sample28.mfc; Label sample28.lab
 Utterance prob per frame = -5.619400e+01
 Processing Data: sample29.mfc; Label sample29.lab
 Utterance prob per frame = -5.723473e+01
 Processing Data: sample30.mfc; Label sample30.lab
 Utterance prob per frame = -5.611044e+01
 Processing Data: sample31.mfc; Label sample31.lab
 Utterance prob per frame = -5.609566e+01
 Processing Data: sample32.mfc; Label sample32.lab
 Utterance prob per frame = -5.811219e+01
 Processing Data: sample33.mfc; Label sample33.lab
 Utterance prob per frame = -5.941797e+01
 Processing Data: sample34.mfc; Label sample34.lab
 Utterance prob per frame = -5.782838e+01
 Processing Data: sample35.mfc; Label sample35.lab
 Utterance prob per frame = -5.784296e+01
 Processing Data: sample36.mfc; Label sample36.lab
 Utterance prob per frame = -5.560490e+01
 Processing Data: sample37.mfc; Label sample37.lab
 Utterance prob per frame = -5.774669e+01
 Processing Data: sample38.mfc; Label sample38.lab
 Utterance prob per frame = -5.988808e+01
 Processing Data: sample39.mfc; Label sample39.lab
 Utterance prob per frame = -5.632290e+01
 Processing Data: sample40.mfc; Label sample40.lab
 Utterance prob per frame = -5.836597e+01
 Processing Data: sample41.mfc; Label sample41.lab
 Utterance prob per frame = -6.064244e+01
 Processing Data: sample42.mfc; Label sample42.lab
 Utterance prob per frame = -6.607289e+01
 Processing Data: sample43.mfc; Label sample43.lab
 Utterance prob per frame = -6.198843e+01
 Processing Data: sample44.mfc; Label sample44.lab
 Utterance prob per frame = -6.179350e+01
 Processing Data: sample45.mfc; Label sample45.lab
 Utterance prob per frame = -6.224664e+01
 Processing Data: sample46.mfc; Label sample46.lab
 Utterance prob per frame = -6.275280e+01
 Processing Data: sample47.mfc; Label sample47.lab
 Utterance prob per frame = -6.355724e+01
 Processing Data: sample48.mfc; Label sample48.lab
 Utterance prob per frame = -6.005589e+01
 Processing Data: sample49.mfc; Label sample49.lab
 Utterance prob per frame = -6.286161e+01
 Processing Data: sample50.mfc; Label sample50.lab
 Utterance prob per frame = -5.599502e+01
 Processing Data: sample51.mfc; Label sample51.lab
 Utterance prob per frame = -6.155469e+01
 Processing Data: sample52.mfc; Label sample52.lab
 Utterance prob per frame = -6.149798e+01
 Processing Data: sample53.mfc; Label sample53.lab
 Utterance prob per frame = -6.443411e+01
 Processing Data: sample54.mfc; Label sample54.lab
 Utterance prob per frame = -6.727432e+01
 Processing Data: sample55.mfc; Label sample55.lab
 Utterance prob per frame = -6.490498e+01
 Processing Data: sample56.mfc; Label sample56.lab
 Utterance prob per frame = -7.239003e+01
 Processing Data: sample57.mfc; Label sample57.lab
 Utterance prob per frame = -6.105743e+01
 Processing Data: sample58.mfc; Label sample58.lab
 Utterance prob per frame = -6.453256e+01
 Processing Data: sample59.mfc; Label sample59.lab
 Utterance prob per frame = -6.320882e+01
Saving hmm's to dir ./interim_files/hmm6
Reestimation complete - average log prob per frame = -5.809952e+01
     - total frames seen          = 2.150900e+04

HTK Configuration Parameters[10]
  Module/Tool     Parameter                  Value
                  NUMCEPS                       12
                  CEPLIFTER                     22
                  NUMCHANS                      26
                  PREEMCOEF               0.970000
                  USEHAMMING                  TRUE
                  WINDOWSIZE         250000.000000
                  SAVEWITHCRC                 TRUE
                  SAVECOMPRESSED              TRUE
                  TARGETRATE         100000.000000
                  TARGETKIND          MFCC_0_D_N_Z

